<?xml version="1.0" encoding="utf-8" standalone="no"?>
<!--This file represents the results of running a test suite-->
<test-results name="C:\Users\thuct\Downloads\Visual_Studio\SDT\PROG8145_Assignment4_Dtran\PROG8145_Assignment4\bin\Debug\PROG8145_Assignment4.exe" total="4" errors="0" failures="0" not-run="0" inconclusive="0" ignored="0" skipped="0" invalid="0" date="2018-05-28" time="18:15:50">
  <environment nunit-version="2.6.4.14350" clr-version="2.0.50727.8830" os-version="Microsoft Windows NT 6.2.9200.0" platform="Win32NT" cwd="C:\Program Files (x86)\NUnit 2.6.4\bin" machine-name="DESKTOP-25KCSKU" user="thuct" user-domain="DESKTOP-25KCSKU" />
  <culture-info current-culture="en-CA" current-uiculture="en-US" />
  <test-suite type="Assembly" name="C:\Users\thuct\Downloads\Visual_Studio\SDT\PROG8145_Assignment4_Dtran\PROG8145_Assignment4\bin\Debug\PROG8145_Assignment4.exe" executed="True" result="Success" success="True" time="0.030" asserts="0">
    <results>
      <test-suite type="Namespace" name="PROG8145_Assignment4" executed="True" result="Success" success="True" time="0.030" asserts="0">
        <results>
          <test-suite type="TestFixture" name="TestMainWindow" executed="True" result="Success" success="True" time="0.030" asserts="0">
            <properties>
              <property name="APARTMENT_STATE" value="STA" />
            </properties>
            <results>
              <test-case name="PROG8145_Assignment4.TestMainWindow.TestClearAll" executed="True" result="Success" success="True" time="0.004" asserts="12" />
              <test-case name="PROG8145_Assignment4.TestMainWindow.TestExtractTimeSlots" executed="True" result="Success" success="True" time="0.002" asserts="2" />
              <test-case name="PROG8145_Assignment4.TestMainWindow.TestGetVehicleTasks" executed="True" result="Success" success="True" time="0.002" asserts="3" />
              <test-case name="PROG8145_Assignment4.TestMainWindow.TestSaveAppointment" executed="True" result="Success" success="True" time="0.010" asserts="16" />
            </results>
          </test-suite>
        </results>
      </test-suite>
    </results>
  </test-suite>
</test-results>